Arguments: 
  /Users/gtkj1/.nvm/versions/node/v14.16.1/bin/node /Users/gtkj1/.nvm/versions/node/v14.16.1/bin/yarn add express cors axios modemon

PATH: 
  /Users/gtkj1/workspace/dart/dart-sdk/bin:/usr/local/opt/gnu-getopt/bin:/Users/gtkj1/development/flutter/bin:/Users/gtkj1/.deno/bin:/usr/local/sbin:/Users/gtkj1/.yarn/bin:/Users/gtkj1/.config/yarn/global/node_modules/.bin:/Users/gtkj1/.nvm/versions/node/v14.16.1/bin:/Users/gtkj1/.cargo/bin:/Library/Frameworks/Python.framework/Versions/3.8/bin:/usr/local/bin:/usr/bin:/bin:/usr/sbin:/sbin:/Applications/VMware Fusion.app/Contents/Public:/usr/local/go/bin:/Users/gtkj1/workspace/dart/dart-sdk/bin:/usr/local/opt/gnu-getopt/bin:/Users/gtkj1/development/flutter/bin:/Users/gtkj1/.deno/bin:/Users/gtkj1/.antigen/bundles/robbyrussell/oh-my-zsh/lib:/Users/gtkj1/.antigen/bundles/robbyrussell/oh-my-zsh/plugins/git:/Users/gtkj1/.antigen/bundles/robbyrussell/oh-my-zsh/plugins/heroku:/Users/gtkj1/.antigen/bundles/robbyrussell/oh-my-zsh/plugins/pip:/Users/gtkj1/.antigen/bundles/robbyrussell/oh-my-zsh/plugins/lein:/Users/gtkj1/.antigen/bundles/robbyrussell/oh-my-zsh/plugins/command-not-found:/Users/gtkj1/.antigen/bundles/zsh-users/zsh-autosuggestions:/Users/gtkj1/.antigen/bundles/zsh-users/zsh-syntax-highlighting

Yarn version: 
  1.22.10

Node version: 
  14.16.1

Platform: 
  darwin x64

Trace: 
  Error: https://registry.npmjs.org/modemon: Not found
      at Request.params.callback [as _callback] (/Users/gtkj1/.nvm/versions/node/v14.16.1/lib/node_modules/yarn/lib/cli.js:66988:18)
      at Request.self.callback (/Users/gtkj1/.nvm/versions/node/v14.16.1/lib/node_modules/yarn/lib/cli.js:140662:22)
      at Request.emit (events.js:315:20)
      at Request.<anonymous> (/Users/gtkj1/.nvm/versions/node/v14.16.1/lib/node_modules/yarn/lib/cli.js:141634:10)
      at Request.emit (events.js:315:20)
      at IncomingMessage.<anonymous> (/Users/gtkj1/.nvm/versions/node/v14.16.1/lib/node_modules/yarn/lib/cli.js:141556:12)
      at Object.onceWrapper (events.js:421:28)
      at IncomingMessage.emit (events.js:327:22)
      at endReadableNT (internal/streams/readable.js:1327:12)
      at processTicksAndRejections (internal/process/task_queues.js:80:21)

npm manifest: 
  {
    "name": "posts",
    "version": "1.0.0",
    "description": "",
    "main": "index.js",
    "scripts": {
      "test": "echo \"Error: no test specified\" && exit 1"
    },
    "keywords": [],
    "author": "",
    "license": "ISC"
  }

yarn manifest: 
  No manifest

Lockfile: 
  No lockfile
